TN:
SF:src\add.js
FNF:0
FNH:0
DA:1,1
DA:2,1
DA:3,1
DA:4,1
DA:5,1
DA:6,1
DA:7,1
DA:8,1
DA:9,1
DA:10,1
DA:11,1
DA:12,1
DA:13,1
DA:14,1
DA:15,1
DA:16,1
DA:17,1
DA:18,1
LF:18
LH:18
BRDA:1,0,0,1
BRDA:16,1,0,4
BRF:2
BRH:2
end_of_record
TN:
SF:src\isSymbol.js
FN:18,isSymbol
FNF:1
FNH:1
FNDA:2,isSymbol
DA:1,1
DA:2,1
DA:3,1
DA:4,1
DA:5,1
DA:6,1
DA:7,1
DA:8,1
DA:9,1
DA:10,1
DA:11,1
DA:12,1
DA:13,1
DA:14,1
DA:15,1
DA:16,1
DA:17,1
DA:18,2
DA:19,2
DA:20,2
DA:21,2
DA:22,1
DA:23,1
LF:23
LH:23
BRDA:1,0,0,1
BRDA:18,1,0,2
BRDA:20,2,0,0
BRDA:20,3,0,0
BRF:4
BRH:2
end_of_record
TN:
SF:src\.internal\baseToNumber.js
FN:14,baseToNumber
FNF:1
FNH:1
FNDA:4,baseToNumber
DA:1,1
DA:2,1
DA:3,1
DA:4,1
DA:5,1
DA:6,1
DA:7,1
DA:8,1
DA:9,1
DA:10,1
DA:11,1
DA:12,1
DA:13,1
DA:14,4
DA:15,4
DA:16,4
DA:17,4
DA:18,0
DA:19,0
DA:20,0
DA:21,0
DA:22,4
DA:23,1
DA:24,1
LF:24
LH:20
BRDA:1,0,0,1
BRDA:14,1,0,4
BRDA:18,2,0,0
BRF:3
BRH:2
end_of_record
TN:
SF:src\.internal\baseToString.js
FN:17,baseToString
FNF:1
FNH:1
FNDA:4,baseToString
DA:1,1
DA:2,1
DA:3,1
DA:4,1
DA:5,1
DA:6,1
DA:7,1
DA:8,1
DA:9,1
DA:10,1
DA:11,1
DA:12,1
DA:13,1
DA:14,1
DA:15,1
DA:16,1
DA:17,4
DA:18,4
DA:19,4
DA:20,2
DA:21,2
DA:22,4
DA:23,0
DA:24,0
DA:25,0
DA:26,4
DA:27,0
DA:28,0
DA:29,2
DA:30,4
DA:31,4
DA:32,1
DA:33,1
LF:33
LH:28
BRDA:1,0,0,1
BRDA:17,1,0,4
BRDA:19,2,0,2
BRDA:22,3,0,0
BRDA:26,4,0,2
BRDA:26,5,0,0
BRDA:29,6,0,2
BRDA:30,7,0,0
BRDA:30,8,0,0
BRDA:30,9,0,2
BRF:10
BRH:6
end_of_record
TN:
SF:src\.internal\createMathOperation.js
FN:12,createMathOperation
FNF:1
FNH:1
FNDA:1,createMathOperation
DA:1,1
DA:2,1
DA:3,1
DA:4,1
DA:5,1
DA:6,1
DA:7,1
DA:8,1
DA:9,1
DA:10,1
DA:11,1
DA:12,1
DA:13,1
DA:14,7
DA:15,1
DA:16,1
DA:17,7
DA:18,1
DA:19,1
DA:20,7
DA:21,1
DA:22,1
DA:23,7
DA:24,2
DA:25,2
DA:26,2
DA:27,2
DA:28,2
DA:29,2
DA:30,2
DA:31,4
DA:32,7
DA:33,1
DA:34,1
DA:35,1
LF:35
LH:35
BRDA:1,0,0,1
BRDA:12,1,0,1
BRDA:13,2,0,7
BRDA:14,3,0,2
BRDA:14,4,0,1
BRDA:17,5,0,6
BRDA:17,6,0,5
BRDA:17,7,0,1
BRDA:20,8,0,5
BRDA:20,9,0,1
BRDA:23,10,0,4
BRDA:23,11,0,3
BRDA:23,12,0,2
BRDA:31,13,0,4
BRF:14
BRH:14
end_of_record
TN:
SF:src\.internal\getTag.js
FN:10,getTag
FNF:1
FNH:0
FNDA:0,getTag
DA:1,1
DA:2,1
DA:3,1
DA:4,1
DA:5,1
DA:6,1
DA:7,1
DA:8,1
DA:9,1
DA:10,0
DA:11,0
DA:12,0
DA:13,0
DA:14,0
DA:15,0
DA:16,1
DA:17,1
LF:17
LH:11
BRDA:1,0,0,1
BRF:1
BRH:1
end_of_record
